<?xml version="1.0" encoding="UTF-8"?>
<testng-results ignored="0" total="2" passed="2" failed="0" skipped="0">
  <reporter-output>
  </reporter-output>
  <suite started-at="2022-02-09T21:17:21Z" name="Suite" finished-at="2022-02-09T21:18:16Z" duration-ms="54225">
    <groups>
    </groups>
    <test started-at="2022-02-09T21:17:21Z" name="Test" finished-at="2022-02-09T21:18:16Z" duration-ms="54225">
      <class name="test.UpdateCreditCardTest">
        <test-method is-config="true" signature="setUp()[pri:0, instance:test.UpdateCreditCardTest@6cce16f4]" started-at="2022-02-09T21:17:52Z" name="setUp" finished-at="2022-02-09T21:17:56Z" duration-ms="4439" status="PASS">
          <reporter-output>
          </reporter-output>
        </test-method> <!-- setUp -->
        <test-method signature="test()[pri:0, instance:test.UpdateCreditCardTest@6cce16f4]" started-at="2022-02-09T21:17:56Z" name="test" finished-at="2022-02-09T21:18:16Z" duration-ms="19580" status="PASS">
          <reporter-output>
          </reporter-output>
        </test-method> <!-- test -->
        <test-method is-config="true" signature="tearUp()[pri:0, instance:test.UpdateCreditCardTest@6cce16f4]" started-at="2022-02-09T21:18:16Z" name="tearUp" finished-at="2022-02-09T21:18:16Z" duration-ms="0" status="PASS">
          <reporter-output>
          </reporter-output>
        </test-method> <!-- tearUp -->
      </class> <!-- test.UpdateCreditCardTest -->
      <class name="test.FinalTest">
        <test-method is-config="true" signature="setUp()[pri:0, instance:test.FinalTest@6af9fcb2]" started-at="2022-02-09T21:17:21Z" name="setUp" finished-at="2022-02-09T21:17:45Z" duration-ms="24106" status="PASS">
          <reporter-output>
          </reporter-output>
        </test-method> <!-- setUp -->
        <test-method signature="autoInsTest()[pri:0, instance:test.FinalTest@6af9fcb2]" started-at="2022-02-09T21:17:45Z" name="autoInsTest" finished-at="2022-02-09T21:17:51Z" duration-ms="6060" status="PASS">
          <reporter-output>
          </reporter-output>
        </test-method> <!-- autoInsTest -->
        <test-method is-config="true" signature="tearUp()[pri:0, instance:test.FinalTest@6af9fcb2]" started-at="2022-02-09T21:17:52Z" name="tearUp" finished-at="2022-02-09T21:17:52Z" duration-ms="0" status="PASS">
          <reporter-output>
          </reporter-output>
        </test-method> <!-- tearUp -->
      </class> <!-- test.FinalTest -->
    </test> <!-- Test -->
  </suite> <!-- Suite -->
</testng-results>
